2024-09-20 23:57:32.889 2439 INFO  [nd-preinit] o.h.validator.internal.util.Version     : HV000001: Hibernate Validator 8.0.1.Final 
2024-09-20 23:57:33.627 3177 INFO  [      main] com.easy.demo.DemoApplication        : Starting DemoApplication using Java 17.0.12 with PID 20456 (C:\Users\16655054153\Desktop\github\springboot_demo\demo\target\classes started by 16655054153 in C:\Users\16655054153\Desktop\github\springboot_demo)
2024-09-20 23:57:33.629 3179 INFO  [      main] com.easy.demo.DemoApplication        : The following 1 profile is active: "dev"
2024-09-20 23:57:37.343 6893 WARN  [      main] o.m.spring.mapper.ClassPathMapperScanner: No MyBatis mapper was found in '[com.example.demo]' package. Please check your configuration. 
2024-09-20 23:57:39.345 8895 WARN  [      main] io.undertow.websockets.jsr              : UT026010: Buffer pool was not set on WebSocketDeploymentInfo, the default pool will be used 
2024-09-20 23:57:39.424 8974 INFO  [      main] io.undertow.servlet                     : Initializing Spring embedded WebApplicationContext 
2024-09-20 23:57:40.776 10326 INFO  [      main] com.zaxxer.hikari.HikariDataSource      : mysql_yun - Starting... 
2024-09-20 23:57:41.116 10666 INFO  [      main] com.zaxxer.hikari.pool.HikariPool       : mysql_yun - Added connection com.mysql.cj.jdbc.ConnectionImpl@25712d03 
2024-09-20 23:57:41.120 10670 INFO  [      main] com.zaxxer.hikari.HikariDataSource      : mysql_yun - Start completed. 
2024-09-20 23:57:41.123 10673 INFO  [      main] c.b.d.d.DynamicRoutingDataSource        : dynamic-datasource - add a datasource named [mysql_yun] success 
2024-09-20 23:57:41.124 10674 INFO  [      main] c.b.d.d.DynamicRoutingDataSource        : dynamic-datasource initial loaded [1] datasource,primary datasource named [mysql_yun] 
2024-09-20 23:57:41.551 11101 INFO  [      main] com.easy.redis.config.RedisConfig       : 初始化 redis 配置 
2024-09-20 23:57:41.728 11278 INFO  [      main] org.redisson.Version                    : Redisson 3.23.4 
2024-09-20 23:57:42.251 11801 INFO  [-netty-2-6] o.r.c.pool.MasterPubSubConnectionPool   : 1 connections initialized for localhost/127.0.0.1:9379 
2024-09-20 23:57:42.399 11949 INFO  [-netty-2-4] o.r.connection.pool.MasterConnectionPool: 32 connections initialized for localhost/127.0.0.1:9379 
2024-09-20 23:57:42.914 12464 WARN  [      main] org.mongodb.driver.uri                  : Connection string contains unsupported option 'servertimezone'. 
2024-09-20 23:57:43.241 12791 INFO  [      main] org.mongodb.driver.client               : MongoClient with metadata {"driver": {"name": "mongo-java-driver|sync", "version": "4.9.1"}, "os": {"type": "Windows", "name": "Windows 10", "architecture": "amd64", "version": "10.0"}, "platform": "Java/Amazon.com Inc./17.0.12+7-LTS"} created with settings MongoClientSettings{readPreference=primary, writeConcern=WriteConcern{w=null, wTimeout=null ms, journal=null}, retryWrites=true, retryReads=true, readConcern=ReadConcern{level=null}, credential=null, streamFactoryFactory=null, commandListeners=[], codecRegistry=ProvidersCodecRegistry{codecProviders=[ValueCodecProvider{}, BsonValueCodecProvider{}, DBRefCodecProvider{}, DBObjectCodecProvider{}, DocumentCodecProvider{}, CollectionCodecProvider{}, IterableCodecProvider{}, MapCodecProvider{}, GeoJsonCodecProvider{}, GridFSFileCodecProvider{}, Jsr310CodecProvider{}, JsonObjectCodecProvider{}, BsonCodecProvider{}, EnumCodecProvider{}, com.mongodb.client.model.mql.ExpressionCodecProvider@54ba8e11, com.mongodb.Jep395RecordCodecProvider@5bdf8295]}, loggerSettings=LoggerSettings{maxDocumentLength=1000}, clusterSettings={hosts=[localhost:27017], srvServiceName=mongodb, mode=SINGLE, requiredClusterType=UNKNOWN, requiredReplicaSetName='null', serverSelector='null', clusterListeners='[]', serverSelectionTimeout='30000 ms', localThreshold='30000 ms'}, socketSettings=SocketSettings{connectTimeoutMS=10000, readTimeoutMS=0, receiveBufferSize=0, sendBufferSize=0}, heartbeatSocketSettings=SocketSettings{connectTimeoutMS=10000, readTimeoutMS=10000, receiveBufferSize=0, sendBufferSize=0}, connectionPoolSettings=ConnectionPoolSettings{maxSize=100, minSize=0, maxWaitTimeMS=120000, maxConnectionLifeTimeMS=0, maxConnectionIdleTimeMS=0, maintenanceInitialDelayMS=0, maintenanceFrequencyMS=60000, connectionPoolListeners=[], maxConnecting=2}, serverSettings=ServerSettings{heartbeatFrequencyMS=10000, minHeartbeatFrequencyMS=500, serverListeners='[]', serverMonitorListeners='[]'}, sslSettings=SslSettings{enabled=false, invalidHostNameAllowed=false, context=null}, applicationName='null', compressorList=[], uuidRepresentation=UNSPECIFIED, serverApi=null, autoEncryptionSettings=null, contextProvider=null} 
2024-09-20 23:57:43.267 12817 INFO  [host:27017] org.mongodb.driver.cluster              : Monitor thread successfully connected to server with description ServerDescription{address=localhost:27017, type=STANDALONE, state=CONNECTED, ok=true, minWireVersion=0, maxWireVersion=25, maxDocumentSize=16777216, logicalSessionTimeoutMinutes=30, roundTripTimeNanos=58642100} 
2024-09-20 23:57:44.855 14405 INFO  [      main] io.undertow                             : starting server: Undertow - 2.3.8.Final 
2024-09-20 23:57:44.886 14436 INFO  [      main] org.xnio                                : XNIO version 3.8.8.Final 
2024-09-20 23:57:44.913 14463 INFO  [      main] org.xnio.nio                            : XNIO NIO Implementation Version 3.8.8.Final 
2024-09-20 23:57:45.004 14554 INFO  [      main] org.jboss.threads                       : JBoss Threads version 3.5.0.Final 
2024-09-20 23:57:45.139 14689 INFO  [      main] com.easy.demo.DemoApplication        : Started DemoApplication in 13.957 seconds (process running for 19.369)
2024-09-20 23:59:24.983 114533 WARN  [tor-thread] o.m.spring.mapper.ClassPathMapperScanner: No MyBatis mapper was found in '[com.example.demo]' package. Please check your configuration. 
